786
0 35 0 53
0 36 0 6
0 37 0 54
0 38 0 57
0 40 0 7
0 42 0 13
0 45 0 18
1 8 0 19
1 10 0 63
1 11 0 20
1 19 2 56
1 25 8 8
1 38 11 10
1 46 0 21
1 52 0 23
1 58 0 26
1 60 0 31
1 61 1 0
2 18 11 15
2 38 11 63
2 45 12 13
2 52 12 14
2 54 1 16
2 57 2 21
2 62 2 28
3 7 13 11
3 8 2 37
3 15 2 58
3 16 14 19
3 18 3 0
3 19 14 20
3 30 15 15
3 42 15 40
3 43 16 12
3 60 4 9
4 4 17 18
4 23 17 44
4 24 4 11
4 29 18 18
4 38 19 17
4 52 19 21
4 53 4 41
4 54 19 52
4 62 20 16
5 1 21 18
5 5 4 45
5 15 21 21
5 16 6 6
5 30 21 24
5 33 21 32
5 34 22 16
5 35 22 17
5 52 6 8
5 57 6 22
5 59 6 35
5 61 7 11
6 1 22 19
6 15 7 36
6 16 22 20
6 27 22 24
6 36 22 25
6 48 8 0
6 49 8 22
6 51 9 8
6 52 9 14
6 55 9 32
6 57 10 0
6 59 10 8
7 5 22 50
7 16 10 14
7 17 22 51
7 18 23 23
7 20 23 58
7 24 24 19
7 25 10 26
7 27 11 6
7 28 24 21
7 32 24 22
7 33 24 59
7 40 24 63
7 48 11 14
7 57 26 36
7 61 11 17
8 1 11 48
8 5 27 52
8 19 28 23
8 20 28 25
8 25 28 33
8 34 29 21
8 36 29 24
8 39 29 50
8 40 29 52
8 41 30 24
8 47 31 14
8 50 32 17
8 52 12 8
8 53 12 9
8 55 12 10
9 1 32 18
9 25 32 23
9 38 32 24
9 45 32 63
9 50 12 21
9 56 13 0
9 59 33 12
9 61 13 14
10 1 33 15
10 5 13 17
10 17 33 35
10 20 33 45
10 21 35 10
10 35 35 26
10 37 35 63
10 42 37 10
10 49 13 18
11 3 37 12
11 4 14 0
11 23 37 13
11 50 37 14
11 51 14 9
11 60 38 10
12 24 38 21
12 28 38 40
12 30 38 63
12 31 39 14
12 33 14 12
12 40 39 18
12 41 39 22
12 51 39 59
12 53 14 15
12 54 40 11
12 55 40 14
12 56 14 16
12 57 14 24
12 62 15 11
13 34 40 17
13 35 40 28
13 41 15 19
13 57 40 47
13 62 15 36
14 4 40 48
14 37 41 13
14 42 41 63
14 60 42 2
14 61 42 3
15 8 42 57
15 43 43 21
15 45 15 52
15 48 43 27
15 59 43 50
15 62 43 55
16 1 44 3
16 4 44 14
16 7 44 28
16 23 44 63
16 24 45 19
16 45 15 58
16 47 45 22
16 48 45 23
16 51 45 49
16 53 16 0
17 6 46 12
17 24 46 19
17 36 16 16
17 38 47 0
17 53 16 19
18 3 47 21
18 6 47 37
18 26 47 59
18 32 48 24
18 33 48 49
18 39 48 52
18 43 16 28
18 54 16 31
19 5 48 63
19 6 49 4
19 25 49 7
19 29 16 60
19 33 17 0
19 39 17 3
19 40 17 9
19 45 49 8
19 51 17 15
19 53 17 58
19 62 49 9
20 1 49 16
20 2 50 0
20 4 18 9
20 6 50 14
20 11 50 15
20 45 18 16
20 49 19 2
20 50 19 12
20 53 19 18
20 55 19 19
20 59 50 23
20 62 19 20
21 43 19 60
21 49 19 61
21 51 20 13
21 53 20 14
21 60 20 61
22 2 21 2
22 4 50 63
22 6 51 3
22 12 51 5
22 62 21 19
23 31 21 23
23 37 23 17
23 52 51 14
23 53 51 20
23 56 23 18
23 57 51 24
23 62 51 56
24 14 51 63
24 30 52 12
24 33 23 20
24 39 24 25
24 49 24 27
24 50 24 29
24 58 25 0
25 10 52 33
25 12 52 63
25 33 25 19
25 34 25 20
25 39 25 22
25 49 25 30
25 52 26 25
25 62 27 14
26 4 27 17
26 6 53 9
26 9 53 16
26 12 53 25
26 40 27 20
26 43 27 55
26 53 53 32
26 60 53 39
26 62 28 14
27 1 53 48
27 10 53 59
27 31 53 63
27 37 54 0
27 40 28 15
27 45 28 16
27 46 28 17
27 47 28 20
27 48 29 6
27 54 54 2
27 62 29 25
28 7 54 15
28 10 29 56
28 11 54 63
28 31 55 3
28 52 29 61
28 60 55 63
29 12 56 4
29 34 30 15
29 37 56 11
29 47 30 17
29 54 30 18
29 62 31 11
30 3 57 5
30 28 31 12
30 33 31 16
30 42 31 17
30 43 31 18
30 51 31 21
30 53 31 22
30 54 31 23
31 7 57 16
31 34 31 25
31 42 32 15
31 43 32 16
31 46 57 20
32 5 32 22
32 7 57 24
32 38 32 55
32 41 57 41
32 42 33 0
32 43 33 16
32 45 33 19
32 49 33 25
32 50 34 9
32 51 34 13
32 53 58 7
32 62 34 17
33 30 34 19
33 31 34 21
33 32 34 22
33 37 35 0
33 62 35 14
34 34 35 16
34 36 35 19
34 40 35 23
34 47 36 8
34 51 36 12
34 56 58 8
35 3 36 17
35 33 36 20
35 37 36 22
35 43 37 7
35 46 37 23
35 50 37 24
35 52 37 25
35 62 58 16
36 6 58 17
36 28 38 13
36 31 38 17
36 50 38 18
36 57 38 23
36 62 38 26
37 4 58 63
37 6 59 0
37 28 39 0
37 32 59 19
37 37 39 12
37 38 39 25
37 42 40 0
37 47 59 25
37 58 40 4
38 3 59 29
38 28 40 19
38 29 40 23
38 30 40 24
38 46 40 27
38 47 60 6
38 50 41 2
38 52 41 3
38 53 60 29
38 54 41 11
38 59 60 32
39 3 60 47
39 31 41 16
39 53 41 20
39 57 42 11
39 58 42 13
39 60 42 15
40 6 42 17
40 7 60 63
40 35 61 9
40 39 42 18
40 43 42 19
40 53 42 20
40 54 61 14
40 56 42 26
40 57 43 4
40 61 43 9
41 6 61 19
41 29 43 11
41 30 43 13
41 35 43 17
41 43 43 19
41 47 61 33
41 50 43 22
41 51 44 1
41 61 44 4
42 6 61 35
42 28 44 9
42 29 44 16
42 31 44 17
42 32 62 9
42 39 44 18
42 44 44 21
42 45 44 22
42 46 44 25
42 47 44 27
42 59 45 1
42 61 45 10
43 32 45 27
43 43 45 29
43 44 46 11
43 45 46 18
43 56 46 21
43 57 46 25
43 58 46 27
43 59 46 28
44 6 62 19
44 31 46 29
44 32 47 2
44 36 47 3
44 39 47 13
44 40 47 14
44 45 47 17
44 48 62 62
44 51 48 1
44 62 63 5
45 6 63 9
45 32 48 12
45 39 48 13
45 40 48 17
45 44 48 20
45 45 48 26
45 55 63 11
46 34 48 28
46 35 49 5
46 41 49 11
46 49 49 18
46 53 49 20
47 31 49 27
47 32 49 28
47 35 50 1
47 47 63 13
47 49 50 2
47 60 50 6
48 30 50 7
48 34 50 10
48 37 50 16
48 41 50 17
48 46 50 18
48 60 50 19
48 62 63 16
49 30 50 24
49 32 50 25
49 41 50 26
49 42 51 1
49 44 51 13
49 46 51 15
49 48 51 22
49 62 51 27
50 31 52 4
50 32 63 19
50 33 52 7
50 34 63 21
50 35 52 16
50 37 63 25
50 52 52 22
50 54 53 1
50 55 53 4
50 59 53 11
50 60 53 20
50 62 53 22
51 31 54 3
51 32 54 8
51 48 54 19
51 61 54 20
52 31 63 29
52 38 54 24
52 40 55 5
52 42 55 9
52 48 55 13
52 54 63 32
53 28 55 14
53 29 55 16
53 31 55 17
53 40 55 22
53 43 55 24
53 61 63 34
54 31 55 25
54 33 55 26
54 37 56 5
54 41 56 6
54 42 56 13
54 43 56 17
54 46 56 22
54 56 56 24
54 57 63 40
54 60 56 27
54 61 57 3
55 32 57 6
55 33 57 7
55 34 57 10
55 39 57 14
55 49 57 15
55 50 58 3
55 53 58 9
55 55 58 11
55 56 58 14
55 62 58 23
56 31 58 24
56 33 59 1
56 44 59 3
56 49 59 4
56 56 59 8
56 59 63 42
56 62 63 43
57 39 59 11
57 40 63 44
57 44 59 13
57 50 63 45
57 51 59 14
57 58 59 17
58 44 59 26
58 47 59 27
58 53 60 1
58 56 63 47
58 62 63 50
59 36 60 4
59 38 60 7
59 53 60 8
59 56 60 20
59 57 60 21
60 38 60 22
60 39 60 30
60 43 61 1
60 53 61 2
60 58 61 4
60 61 61 5
60 62 61 10
61 41 61 15
61 42 61 17
61 44 61 21
61 48 61 22
61 58 61 26
61 59 63 52
61 60 62 6
61 61 62 12
62 35 62 21
62 40 63 53
62 43 62 26
62 47 63 60
62 55 63 61
62 59 62 28
62 60 0 2
62 60 63 62
0 48 0 3
0 50 0 5
0 51 0 8
0 56 0 12
0 61 0 14
0 62 0 16
1 47 0 24
1 48 0 25
3 63 1 1
5 10 1 2
5 63 1 4
6 62 1 5
6 63 1 22
7 51 1 29
7 56 1 31
8 63 2 1
9 63 2 3
10 51 2 5
10 54 2 6
11 11 2 7
12 63 2 10
15 63 2 12
16 41 2 23
16 63 2 25
17 41 2 32
17 45 2 42
19 15 2 51
19 36 2 60
19 38 3 1
19 42 3 6
19 49 3 14
19 55 3 22
20 37 3 25
20 40 3 28
20 41 3 46
20 42 3 47
20 47 3 50
20 54 4 0
21 30 4 12
21 36 4 16
21 37 4 30
21 38 4 31
21 42 4 33
21 44 4 34
21 47 4 35
21 58 4 46
21 63 4 49
22 33 4 51
22 34 5 0
22 36 5 3
22 54 5 4
22 56 5 7
23 38 5 17
23 43 5 21
23 44 5 23
23 48 5 31
23 63 5 38
24 44 5 39
24 47 5 42
25 41 6 3
25 45 6 13
25 47 6 19
26 41 6 25
26 42 6 30
26 44 6 31
26 45 6 32
27 34 6 43
27 50 6 47
27 51 7 0
27 63 7 3
28 32 7 14
28 38 7 22
28 42 7 35
28 51 7 39
28 63 7 42
29 38 7 45
29 39 7 58
29 42 8 3
29 43 8 17
29 45 8 26
29 63 8 32
30 32 8 37
30 36 9 0
30 38 9 7
30 39 9 17
30 41 9 20
31 29 9 26
31 32 9 34
31 35 9 35
31 44 9 37
32 33 9 40
32 46 9 47
33 34 10 3
33 39 10 7
33 41 10 25
33 43 10 32
34 35 10 33
34 49 10 43
34 53 10 47
34 63 10 58
35 24 11 0
35 27 11 20
35 31 11 26
35 35 11 29
35 36 11 33
35 45 11 34
35 49 11 43
35 54 11 57
36 48 11 59
36 55 12 6
36 63 12 38
37 29 12 44
37 30 12 45
37 31 12 50
37 40 13 1
37 44 13 4
37 48 13 6
37 55 13 8
37 63 13 29
38 33 13 31
38 38 13 32
38 42 13 44
38 56 13 48
38 57 13 51
39 27 13 52
39 37 13 53
39 39 13 54
39 42 14 2
40 16 14 6
40 33 14 29
40 44 14 34
40 50 14 35
41 14 14 55
41 32 14 57
41 37 14 58
41 41 15 0
41 44 15 2
41 55 15 6
41 60 15 10
42 33 15 20
42 35 15 25
42 37 15 30
42 40 15 35
42 52 15 50
43 40 15 55
43 41 15 57
43 53 16 3
44 0 16 9
44 42 16 17
44 43 16 25
44 46 16 30
44 47 16 35
44 56 16 55
45 0 16 57
45 34 17 2
45 36 17 4
45 60 17 22
45 63 17 26
46 0 17 33
46 30 18 0
46 33 18 8
46 37 18 15
46 42 18 23
46 43 18 59
46 46 18 60
46 47 19 0
46 55 19 8
46 61 19 9
47 20 19 23
47 29 20 0
47 50 20 24
47 52 20 27
47 57 20 28
47 61 21 0
47 63 21 9
48 56 21 14
48 57 21 27
48 58 22 11
48 59 23 12
49 58 24 0
49 63 24 5
50 36 24 7
50 38 24 9
50 40 24 11
50 41 24 61
50 44 25 3
50 45 25 14
51 0 25 15
51 40 25 29
51 53 25 55
51 57 26 0
51 58 26 3
51 59 27 7
52 0 27 11
52 28 27 29
52 44 27 56
52 49 27 61
52 55 28 0
53 7 28 4
53 27 28 6
53 34 28 22
53 52 28 29
54 14 28 59
54 18 29 4
54 27 29 10
54 30 29 55
54 59 29 57
55 28 29 58
55 51 30 2
55 59 30 58
55 60 30 59
56 37 30 60
56 48 31 1
56 53 31 4
57 32 31 6
57 37 31 26
57 45 32 1
57 46 32 26
57 48 32 58
57 49 32 61
57 55 33 56
57 59 34 1
57 63 34 3
58 0 34 4
58 25 34 5
58 28 34 7
58 29 34 8
58 30 34 18
58 36 34 57
58 41 34 58
58 46 34 61
58 54 35 8
58 57 35 13
58 59 35 15
58 60 35 22
59 12 36 4
59 40 36 61
59 41 37 1
59 46 37 2
59 51 38 7
59 52 39 5
60 33 39 7
60 45 39 8
60 54 40 5
61 0 40 26
61 3 41 1
61 45 41 5
61 46 42 8
61 51 43 7
61 56 44 2
62 0 45 5
62 39 46 2
62 42 46 4
62 49 46 8
62 51 47 5
62 54 48 8
62 57 48 10
62 63 48 15
63 2 48 23
63 12 49 21
63 15 51 21
63 18 53 21
63 22 53 23
63 23 54 12
63 27 55 1
63 35 55 8
63 38 56 7
63 48 58 1
63 55 59 10
63 57 60 14
63 58 61 11
63 63 62 5
