842
0 35 0 53
0 36 0 6
0 37 0 54
0 38 0 57
0 40 0 7
0 42 0 13
0 45 0 18
1 8 0 19
1 10 0 63
1 11 0 20
1 25 2 56
1 38 8 8
1 46 0 21
1 47 0 23
1 48 0 26
1 49 11 10
1 52 0 31
1 58 1 0
1 60 1 16
1 61 1 18
2 38 11 15
2 45 11 63
2 51 12 13
2 52 12 14
2 54 1 20
2 57 2 21
2 62 2 28
3 7 13 11
3 8 2 37
3 15 2 58
3 30 14 19
3 42 14 20
3 43 14 41
3 60 3 0
4 4 15 15
4 23 15 44
4 24 3 17
4 29 16 12
4 33 17 18
4 34 17 44
4 35 18 18
4 38 19 17
4 49 19 21
4 52 19 52
4 53 3 20
4 54 20 16
4 62 21 18
5 5 4 9
5 15 21 21
5 16 4 11
5 31 21 23
5 33 21 24
5 34 21 32
5 35 22 16
5 42 22 19
5 49 4 41
5 52 4 45
5 57 5 2
5 59 6 6
5 61 6 8
6 15 6 22
6 16 22 20
6 36 22 24
6 42 6 35
6 43 22 31
6 48 7 1
6 49 7 11
6 51 7 36
6 52 8 0
6 55 8 22
6 57 9 2
6 59 9 8
7 5 22 50
7 16 9 14
7 17 22 51
7 18 23 23
7 20 23 58
7 25 9 32
7 27 10 0
7 28 24 19
7 32 24 21
7 33 24 22
7 39 24 25
7 40 24 63
7 42 25 35
7 45 26 36
7 48 10 8
7 57 27 52
7 61 10 14
8 5 28 23
8 19 28 25
8 20 28 33
8 25 29 21
8 32 29 24
8 34 29 50
8 36 29 52
8 39 30 24
8 40 31 14
8 41 32 17
8 47 32 18
8 50 32 24
8 52 10 26
8 53 10 34
8 55 11 1
8 59 11 2
8 62 32 63
9 25 33 12
9 38 33 15
9 45 33 35
9 47 33 45
9 48 11 6
9 50 11 14
9 56 11 17
9 59 34 17
9 61 11 48
10 5 12 7
10 17 35 26
10 20 35 63
10 21 36 17
10 37 37 12
10 42 37 13
10 47 37 14
10 49 12 8
10 61 38 40
10 62 38 63
11 23 39 14
11 50 39 18
11 51 12 9
11 57 39 22
11 60 39 59
12 24 40 11
12 28 40 14
12 30 40 17
12 31 40 27
12 33 12 10
12 40 40 28
12 41 40 47
12 44 40 48
12 51 41 13
12 53 12 21
12 54 41 36
12 55 41 63
12 56 13 0
12 57 13 7
12 62 13 14
13 34 42 2
13 35 42 3
13 40 42 57
13 41 13 17
13 44 43 21
13 48 43 27
13 53 43 50
13 57 43 55
13 62 13 18
14 4 44 3
14 37 44 14
14 42 44 28
14 45 14 0
14 60 44 63
14 61 45 22
14 62 45 23
15 48 45 49
15 55 46 12
15 57 47 0
15 59 47 21
15 62 47 37
16 1 47 59
16 4 48 24
16 7 48 49
16 23 48 52
16 24 48 63
16 44 49 7
16 46 49 8
16 47 49 9
16 48 49 16
16 51 50 0
16 55 50 14
16 57 50 15
17 24 50 23
17 36 14 7
17 38 50 63
17 52 51 5
17 53 14 9
18 3 51 14
18 26 51 20
18 32 51 24
18 39 51 50
18 43 14 12
18 54 14 15
18 55 51 56
18 56 51 60
18 60 51 63
19 25 52 12
19 29 14 16
19 33 14 24
19 39 15 9
19 40 15 11
19 45 52 16
19 51 15 19
19 53 15 36
19 55 15 52
19 62 52 33
20 4 15 58
20 6 52 63
20 45 15 61
20 49 16 0
20 50 16 16
20 53 16 19
20 55 16 28
20 59 53 9
20 62 16 31
21 43 17 0
21 49 17 3
21 51 17 9
21 53 17 15
21 60 17 58
22 2 18 9
22 4 53 32
22 62 18 16
23 32 53 39
23 37 19 2
23 48 19 11
23 56 19 12
23 57 53 48
23 62 53 56
24 14 53 59
24 30 53 63
24 33 19 18
24 39 19 19
24 47 19 20
24 48 54 0
24 49 19 60
24 50 19 61
24 53 20 13
24 54 20 14
24 55 20 61
24 56 21 2
24 58 21 19
25 10 54 2
25 12 54 15
25 39 22 17
25 47 22 25
25 49 23 6
25 52 23 17
25 59 54 63
25 62 23 18
26 4 23 20
26 6 55 3
26 9 55 9
26 12 55 26
26 40 25 0
26 43 25 19
26 55 25 20
26 58 55 63
26 59 56 4
26 60 56 11
26 62 25 22
27 31 57 5
27 37 57 15
27 40 25 30
27 45 26 1
27 46 26 25
27 47 27 14
27 48 27 17
27 56 57 41
27 62 27 20
28 28 58 7
28 29 58 8
28 31 58 63
28 55 28 12
28 56 28 14
28 59 59 0
28 60 59 17
29 34 28 15
29 37 59 19
29 47 28 16
29 54 28 17
29 55 59 25
29 57 59 26
29 58 59 27
29 62 28 20
30 3 59 29
30 28 29 6
30 33 29 25
30 42 29 61
30 43 30 7
30 53 30 12
30 54 30 15
31 34 30 17
31 42 30 18
31 43 31 11
31 46 60 6
32 5 31 12
32 7 60 20
32 38 31 16
32 41 60 21
32 42 31 17
32 43 31 18
32 45 31 21
32 46 31 22
32 49 31 23
32 50 31 25
32 51 32 15
32 53 60 29
32 54 32 16
32 61 60 32
32 62 32 22
33 30 32 23
33 31 33 0
33 32 33 16
33 37 33 19
33 56 60 47
33 62 33 25
34 34 34 9
34 36 34 13
34 40 34 19
34 47 34 21
34 50 60 63
34 51 34 22
34 53 35 0
34 54 61 9
34 56 61 14
34 57 61 15
34 58 61 19
34 61 61 21
35 3 35 10
35 33 35 14
35 35 35 16
35 36 35 19
35 37 35 23
35 43 36 8
35 52 36 12
35 54 36 20
35 55 61 22
35 62 61 33
36 6 61 35
36 28 36 22
36 31 37 10
36 36 62 6
36 50 37 23
36 57 37 24
36 61 62 9
36 62 37 25
37 4 62 12
37 6 62 19
37 28 38 10
37 32 62 21
37 33 62 26
37 37 38 13
37 38 38 17
37 47 63 5
37 58 38 18
38 3 63 9
38 28 38 21
38 29 38 23
38 30 38 26
38 36 63 11
38 47 63 13
38 50 39 0
38 52 39 12
38 53 63 16
38 54 39 25
38 59 63 19
39 3 63 21
39 31 40 0
39 53 40 4
39 57 40 19
39 58 40 23
39 62 63 25
40 6 40 24
40 7 63 29
40 35 63 32
40 39 41 2
40 43 41 3
40 53 41 11
40 54 63 34
40 56 41 16
40 57 41 20
40 61 42 11
40 62 63 40
41 6 63 42
41 29 42 13
41 30 42 15
41 38 63 43
41 43 42 17
41 47 63 44
41 51 42 18
42 6 63 45
42 28 42 19
42 29 42 20
42 31 42 26
42 32 63 47
42 44 43 4
42 45 43 9
42 47 43 11
43 32 43 13
43 43 43 17
43 44 43 19
43 45 43 22
43 56 44 1
43 57 44 4
43 58 44 9
43 59 44 16
44 6 63 50
44 31 44 17
44 32 44 18
44 36 44 21
44 40 44 22
44 48 63 52
44 51 44 25
44 62 63 53
45 6 63 60
45 32 44 27
45 39 45 1
45 40 45 10
45 44 45 19
45 45 45 27
45 55 63 61
46 34 45 29
46 35 46 11
46 41 46 18
46 49 46 19
46 53 46 21
47 31 46 25
47 32 46 27
47 35 46 28
47 47 63 62
47 49 46 29
47 60 47 2
48 30 47 3
48 34 47 13
48 37 47 14
48 41 47 17
48 59 48 1
48 60 48 12
48 62 0 48
48 62 48 13
49 30 48 17
49 32 48 20
49 41 48 26
49 42 48 28
49 44 49 4
49 46 49 5
49 48 49 11
49 62 49 18
50 31 49 20
50 32 0 50
50 32 49 27
50 33 49 28
50 34 0 51
50 34 50 1
50 37 0 56
50 37 50 2
50 38 50 6
50 52 50 7
50 54 50 10
50 55 50 16
50 62 50 17
51 31 50 18
51 32 50 19
51 40 50 24
51 48 50 25
51 55 0 61
51 55 50 26
52 31 0 62
52 31 51 1
52 38 51 3
52 40 51 13
52 42 51 15
52 48 51 22
52 49 51 27
52 54 3 63
52 54 52 4
52 62 5 10
52 62 52 7
53 28 52 22
53 29 53 1
53 31 53 4
53 40 53 11
53 43 53 16
53 62 5 63
53 62 53 20
54 31 53 22
54 33 53 25
54 37 54 3
54 41 54 8
54 42 54 19
54 43 54 20
54 46 54 24
54 57 6 62
54 57 55 5
54 60 55 13
54 61 55 14
54 62 6 63
54 62 55 16
55 32 55 17
55 33 55 22
55 34 55 24
55 39 55 25
55 49 56 5
55 50 56 6
55 62 56 13
56 31 56 17
56 33 56 22
56 44 56 24
56 49 56 27
56 56 57 3
56 59 7 51
56 59 57 6
56 62 7 56
56 62 57 7
57 44 57 10
57 46 57 14
57 50 8 63
57 50 57 16
57 51 57 20
57 58 57 24
58 39 9 63
58 39 58 3
58 44 58 9
58 46 58 11
58 47 58 14
58 53 58 16
58 56 10 51
58 56 58 17
58 62 10 54
58 62 58 23
59 36 58 24
59 53 59 1
59 56 59 3
59 57 59 4
60 38 59 8
60 41 11 11
60 41 59 11
60 43 59 13
60 53 59 14
60 58 60 1
60 62 60 4
61 48 60 7
61 58 60 8
61 59 12 63
61 59 60 22
61 60 60 30
61 62 15 45
61 62 61 1
62 40 15 63
62 40 61 2
62 43 61 4
62 47 16 41
62 47 61 5
62 55 16 45
62 55 61 10
62 59 61 17
62 60 61 26
62 61 16 63
62 61 62 28
17 41 0 2
17 45 0 3
19 15 0 5
19 36 0 8
19 38 0 12
19 42 0 14
19 49 0 16
20 37 0 24
20 40 0 25
20 41 1 1
20 42 1 2
20 47 1 4
20 54 1 5
21 30 1 19
21 36 1 22
21 37 1 29
21 38 1 31
21 42 2 1
21 44 2 3
21 47 2 5
21 58 2 6
21 63 2 7
22 33 2 10
22 34 2 12
22 36 2 18
22 54 2 23
22 56 2 25
23 31 2 32
23 38 2 42
23 43 2 60
23 44 3 1
23 63 3 6
24 24 3 14
24 44 3 16
25 33 3 19
25 34 3 22
25 41 3 25
25 45 3 28
25 53 3 46
25 54 3 47
26 41 3 50
26 42 4 0
26 44 4 12
26 45 4 16
27 34 4 30
27 50 4 31
27 51 4 46
27 63 4 51
28 32 5 0
28 38 5 1
28 42 5 3
28 51 5 4
28 52 5 7
28 63 5 17
29 38 5 21
29 39 5 23
29 42 5 30
29 43 5 38
29 45 5 39
29 63 6 1
30 32 6 3
30 36 6 13
30 38 6 19
30 39 6 25
30 41 6 27
30 51 6 30
31 29 6 31
31 32 6 32
31 35 6 47
31 44 7 0
32 33 7 3
33 24 7 14
33 34 7 22
33 39 7 24
33 41 7 35
33 43 7 58
34 35 8 3
34 49 8 17
34 63 8 26
35 17 8 37
35 24 9 0
35 27 9 1
35 31 9 7
35 45 9 17
35 46 9 20
35 49 9 26
35 50 9 34
36 11 9 35
36 48 9 37
36 55 9 40
36 63 10 1
37 29 10 3
37 30 10 7
37 31 10 25
37 40 10 32
37 42 10 33
37 44 10 35
37 48 10 43
37 55 10 58
37 63 11 0
38 33 11 3
38 38 11 20
38 42 11 26
38 46 11 29
38 56 11 33
38 57 11 34
39 27 11 43
39 37 11 59
39 39 12 6
39 42 12 38
39 60 12 45
40 16 12 50
40 33 13 1
40 44 13 4
40 50 13 6
41 14 13 29
41 32 13 31
41 35 13 32
41 37 13 51
41 41 13 52
41 44 13 54
41 50 14 2
41 55 14 6
41 60 14 29
41 61 14 34
42 33 14 35
42 35 14 55
42 37 14 57
42 39 14 58
42 40 15 0
42 46 15 2
42 52 15 6
42 59 15 8
42 61 15 10
43 40 15 20
43 41 15 25
43 53 15 30
44 0 15 35
44 39 15 50
44 42 16 3
44 43 16 9
44 45 16 17
44 46 16 25
44 47 16 30
44 56 16 35
45 0 17 2
45 34 17 4
45 36 17 6
45 60 17 22
45 63 17 26
46 0 17 33
46 30 18 0
46 33 18 6
46 37 18 8
46 42 18 15
46 43 18 23
46 46 18 33
46 47 18 59
46 55 19 0
46 61 19 5
47 20 19 6
47 29 19 8
47 50 19 9
47 52 19 23
47 57 20 0
47 61 20 1
47 63 20 2
48 46 20 11
48 56 20 24
48 57 20 27
48 58 20 28
49 58 21 0
49 63 21 9
50 35 21 14
50 36 21 27
50 40 22 6
50 41 22 11
50 44 22 12
50 45 23 12
50 59 24 0
50 60 24 5
51 0 24 7
51 53 24 9
51 57 24 11
51 58 24 61
51 59 25 3
51 61 25 14
52 0 25 15
52 15 25 24
52 26 25 26
52 28 25 27
52 44 25 28
52 55 25 29
53 7 26 0
53 27 26 3
53 34 26 28
53 52 27 1
54 9 27 7
54 14 27 10
54 18 27 11
54 27 27 28
54 30 27 29
54 56 27 61
54 59 28 0
55 28 28 4
55 51 28 6
55 53 28 7
55 55 28 11
55 56 28 22
55 59 29 4
55 60 29 10
56 37 29 12
56 48 30 2
56 53 30 58
57 21 30 59
57 32 30 60
57 37 31 1
57 39 31 4
57 45 31 6
57 48 31 7
57 49 31 26
57 55 32 1
57 59 32 26
57 63 32 58
58 0 34 1
58 25 34 3
58 28 34 4
58 29 34 5
58 30 34 7
58 36 34 8
58 41 34 18
58 54 35 8
58 57 35 13
58 59 35 15
58 60 35 22
59 12 36 4
59 20 36 15
59 38 37 1
59 40 37 2
59 41 37 8
59 46 38 7
59 51 38 8
59 52 38 9
60 33 39 5
60 39 39 7
60 45 39 8
60 54 39 21
60 61 40 5
61 0 40 26
61 3 41 1
61 12 41 5
61 31 42 8
61 41 43 7
61 42 44 2
61 44 45 5
61 45 45 18
61 46 45 24
61 51 46 2
61 56 46 4
61 61 46 8
62 0 46 20
62 7 47 1
62 8 47 5
62 13 48 4
62 35 48 8
62 39 48 10
62 42 48 15
62 49 48 23
62 51 49 6
62 54 49 21
62 57 51 2
62 63 51 21
63 2 53 21
63 12 53 23
63 15 54 12
63 18 55 1
63 22 55 8
63 23 56 7
63 27 56 20
63 35 56 25
63 38 57 9
63 48 57 17
63 55 57 23
63 57 58 1
63 58 59 10
63 63 60 14
