808
0 35 0 53
0 36 0 6
0 37 0 54
0 38 0 57
0 40 0 7
0 42 0 13
0 45 0 18
1 8 0 19
1 10 0 63
1 11 0 20
1 19 2 56
1 25 8 8
1 38 11 10
1 46 0 21
1 58 0 23
1 60 0 26
1 61 0 31
2 18 11 15
2 38 11 63
2 45 12 13
2 51 12 14
2 52 13 11
2 54 1 0
2 57 1 16
2 62 2 21
3 7 14 19
3 8 2 28
3 15 2 37
3 16 14 20
3 18 2 58
3 19 15 15
3 30 15 40
3 42 16 12
3 43 17 18
3 60 3 0
4 4 17 44
4 23 18 18
4 24 4 9
4 29 19 17
4 38 19 21
4 52 19 52
4 53 4 11
4 54 20 16
4 62 21 18
5 1 21 21
5 5 4 41
5 15 21 24
5 16 4 45
5 30 21 32
5 33 22 16
5 34 22 17
5 35 22 19
5 42 22 20
5 49 6 6
5 52 6 8
5 57 6 22
5 59 6 35
5 61 7 11
6 1 22 24
6 15 7 36
6 16 22 25
6 27 22 50
6 36 22 51
6 42 8 0
6 43 23 23
6 48 8 22
6 49 9 8
6 51 9 14
6 52 9 32
6 55 10 0
6 57 10 8
6 59 10 14
7 5 23 58
7 16 10 26
7 17 24 19
7 18 24 21
7 20 24 22
7 24 24 59
7 25 10 34
7 27 11 6
7 28 24 63
7 32 26 36
7 33 27 52
7 39 28 23
7 40 28 25
7 42 28 33
7 45 29 21
7 48 11 14
7 57 29 24
7 61 11 17
8 1 11 48
8 5 29 50
8 19 29 52
8 20 30 24
8 25 31 14
8 34 32 17
8 36 32 18
8 39 32 23
8 40 32 24
8 41 32 63
8 47 33 12
8 50 33 15
8 52 12 8
8 53 12 9
8 55 12 10
9 1 33 35
9 25 33 45
9 38 35 10
9 45 35 26
9 50 12 21
9 56 13 0
9 59 35 63
9 61 13 14
10 1 37 10
10 5 13 17
10 17 37 12
10 20 37 13
10 21 37 14
10 37 38 10
10 42 38 21
10 49 13 18
11 3 38 40
11 4 14 0
11 23 38 63
11 50 39 14
11 51 14 9
11 60 39 18
12 24 39 22
12 28 39 59
12 30 40 11
12 31 40 14
12 33 14 12
12 40 40 17
12 41 40 27
12 44 40 28
12 51 40 47
12 53 14 15
12 54 40 48
12 55 41 13
12 56 14 16
12 57 14 24
12 62 15 9
13 34 41 36
13 35 41 63
13 41 15 11
13 44 42 2
13 48 42 3
13 53 42 57
13 57 43 21
13 62 15 19
14 4 43 27
14 37 43 50
14 42 43 55
14 45 15 36
14 60 44 3
14 61 44 14
14 62 44 28
15 8 44 63
15 43 45 19
15 45 15 52
15 48 45 22
15 59 45 23
15 62 45 49
16 1 46 12
16 4 46 19
16 7 47 0
16 23 47 21
16 24 47 37
16 45 15 58
16 47 47 59
16 48 48 24
16 51 48 49
17 6 48 52
17 24 48 63
17 36 15 61
17 38 49 4
17 52 49 7
17 53 16 0
18 3 49 8
18 6 49 9
18 26 49 16
18 32 50 0
18 33 50 14
18 39 50 15
18 43 16 16
18 54 16 19
18 55 50 23
18 56 50 24
18 60 50 63
19 5 51 3
19 6 51 5
19 25 51 14
19 29 16 28
19 33 16 31
19 39 17 0
19 40 17 3
19 45 51 20
19 51 17 9
19 53 17 15
19 55 17 58
19 62 51 24
20 1 51 56
20 2 51 63
20 4 18 9
20 6 52 12
20 11 52 33
20 45 18 16
20 49 19 2
20 50 19 12
20 53 19 18
20 55 19 19
20 59 52 63
20 62 19 20
21 43 19 60
21 49 19 61
21 51 20 13
21 53 20 14
21 60 20 61
22 2 21 2
22 4 53 9
22 12 53 16
22 62 21 19
23 31 21 23
23 37 23 6
23 48 23 17
23 52 53 25
23 53 53 32
23 56 23 18
23 57 53 39
23 62 53 48
24 14 53 56
24 30 53 59
24 33 23 20
24 39 24 25
24 47 24 27
24 48 53 63
24 49 24 29
24 50 25 0
24 58 25 19
25 10 54 0
25 12 54 2
25 33 25 20
25 34 25 22
25 39 25 30
25 47 26 1
25 49 26 25
25 52 27 14
25 62 27 17
26 4 27 20
26 6 54 15
26 9 54 63
26 12 55 3
26 40 27 55
26 43 28 12
26 53 55 63
26 60 56 4
26 62 28 14
27 10 56 11
27 31 57 5
27 37 57 16
27 40 28 15
27 45 28 16
27 46 28 17
27 47 28 20
27 48 29 6
27 54 57 20
27 62 29 25
28 7 57 41
28 31 58 7
28 60 58 8
29 34 29 56
29 37 58 16
29 47 29 61
29 54 30 12
29 62 30 15
30 3 58 17
30 28 30 17
30 33 30 18
30 42 31 11
30 43 31 12
30 53 31 16
30 54 31 17
31 7 58 63
31 34 31 18
31 42 31 21
31 43 31 22
31 46 59 0
32 5 31 23
32 7 59 19
32 38 31 25
32 41 59 25
32 42 32 15
32 43 32 16
32 45 32 22
32 46 32 55
32 49 33 0
32 50 33 16
32 51 33 19
32 53 59 29
32 62 33 25
33 30 34 9
33 31 34 13
33 32 34 17
33 37 34 19
33 62 34 21
34 34 34 22
34 36 35 0
34 40 35 14
34 47 35 16
34 50 60 6
34 51 35 19
34 53 35 23
34 54 60 29
35 3 36 8
35 33 36 12
35 35 36 17
35 36 36 20
35 37 36 22
35 43 37 7
35 52 37 23
35 54 37 24
35 55 60 32
35 62 60 47
36 6 60 63
36 28 37 25
36 31 38 13
36 36 61 9
36 50 38 17
36 57 38 18
36 62 38 23
37 4 61 14
37 6 61 19
37 28 38 26
37 32 61 33
37 37 39 0
37 38 39 12
37 42 39 25
37 47 61 35
37 58 40 0
38 3 62 9
38 28 40 4
38 29 40 19
38 30 40 23
38 47 62 19
38 50 40 24
38 52 41 2
38 53 63 5
38 54 41 3
38 59 63 9
39 3 63 11
39 31 41 11
39 53 41 16
39 57 41 20
39 58 42 11
39 62 63 13
40 6 42 13
40 7 63 16
40 35 63 19
40 39 42 15
40 43 42 17
40 53 42 18
40 54 63 21
40 56 42 19
40 57 42 20
40 61 42 26
40 62 63 25
41 6 63 29
41 29 43 4
41 30 43 9
41 38 63 32
41 43 43 11
41 47 63 34
41 51 43 13
42 6 63 40
42 28 43 17
42 29 43 19
42 31 43 22
42 32 63 42
42 44 44 1
42 45 44 4
42 47 44 9
43 32 44 16
43 43 44 17
43 44 44 18
43 45 44 21
43 56 44 22
43 57 44 25
43 58 44 27
43 59 45 1
44 6 63 43
44 31 45 10
44 32 45 27
44 36 45 29
44 40 46 11
44 48 63 44
44 51 46 18
44 62 63 45
45 6 63 47
45 32 46 21
45 39 46 25
45 40 46 27
45 44 46 28
45 45 46 29
45 55 63 50
46 34 47 2
46 35 47 3
46 41 47 13
46 49 47 14
46 53 47 17
47 31 48 1
47 32 48 12
47 35 48 13
47 47 63 52
47 49 48 17
47 60 48 20
48 30 48 26
48 34 48 28
48 37 49 5
48 41 49 11
48 60 49 18
48 62 63 53
49 30 49 20
49 32 49 27
49 41 49 28
49 42 50 1
49 44 50 2
49 46 50 6
49 48 50 7
49 62 50 10
50 31 50 16
50 32 63 60
50 33 50 17
50 34 63 61
50 37 63 62
50 52 50 18
50 54 50 19
50 55 50 25
50 59 50 26
50 60 51 1
50 62 51 13
51 31 51 15
51 32 51 22
51 48 51 27
51 55 0 48
51 55 52 4
51 61 52 7
52 31 0 50
52 31 52 16
52 38 52 22
52 40 53 1
52 42 53 4
52 48 53 11
52 54 0 51
52 54 53 20
52 62 0 56
52 62 53 22
53 28 54 3
53 29 54 8
53 31 54 19
53 40 54 20
53 43 54 24
53 62 0 61
53 62 55 5
54 31 55 9
54 33 55 13
54 37 55 14
54 41 55 16
54 42 55 17
54 43 55 22
54 46 55 24
54 57 0 62
54 57 55 25
54 60 55 26
54 61 56 5
54 62 1 47
54 62 56 6
55 32 56 13
55 33 56 17
55 34 56 22
55 39 56 24
55 49 56 27
55 50 57 3
55 62 57 6
56 31 57 7
56 33 57 10
56 44 57 14
56 49 57 15
56 56 57 24
56 59 1 48
56 59 58 3
56 62 1 52
56 62 58 9
57 44 58 11
57 46 58 14
57 50 3 63
57 50 58 23
57 51 58 24
57 58 59 1
58 39 5 10
58 39 59 3
58 44 59 4
58 46 59 8
58 47 59 11
58 53 59 13
58 56 5 63
58 56 59 14
58 62 6 62
58 62 59 17
59 36 59 26
59 53 59 27
59 56 60 1
59 57 60 4
60 38 60 7
60 43 60 8
60 53 60 20
60 58 60 21
60 62 60 22
61 41 60 30
61 42 61 1
61 46 61 2
61 48 61 4
61 58 61 5
61 59 6 63
61 59 61 10
61 60 61 15
61 62 7 51
61 62 61 17
62 35 61 21
62 40 7 56
62 40 61 22
62 43 61 26
62 47 8 63
62 47 62 6
62 55 9 63
62 55 62 12
62 59 62 21
62 60 62 26
62 61 10 51
62 61 62 28
10 54 0 2
11 11 0 3
12 63 0 5
15 63 0 8
16 41 0 12
16 63 0 14
17 41 0 16
17 45 0 24
19 15 0 25
19 36 1 1
19 38 1 2
19 42 1 4
19 49 1 5
20 37 1 22
20 40 1 29
20 41 1 31
20 42 2 1
20 47 2 3
20 54 2 5
21 30 2 6
21 36 2 7
21 37 2 10
21 38 2 12
21 42 2 23
21 44 2 25
21 47 2 32
21 58 2 42
21 63 2 60
22 33 3 1
22 34 3 6
22 36 3 14
22 54 3 22
22 56 3 25
23 38 3 28
23 43 3 46
23 44 3 47
23 63 3 50
24 44 4 0
25 41 4 12
25 45 4 16
26 41 4 30
26 42 4 31
26 44 4 33
26 45 4 34
27 34 4 35
27 50 4 46
27 51 4 49
27 63 4 51
28 32 5 0
28 38 5 3
28 42 5 4
28 51 5 7
28 52 5 17
28 63 5 21
29 38 5 23
29 39 5 31
29 42 5 38
29 43 5 39
29 45 6 3
29 63 6 13
30 32 6 19
30 36 6 25
30 38 6 30
30 39 6 31
30 41 6 32
30 51 6 47
31 29 7 0
31 32 7 3
31 35 7 14
31 44 7 22
32 33 7 35
33 34 7 58
33 39 8 3
33 41 8 17
33 43 8 26
34 35 8 32
34 49 8 37
34 63 9 0
35 24 9 7
35 27 9 17
35 31 9 20
35 45 9 26
35 46 9 34
35 49 9 35
35 50 9 37
36 48 9 40
36 55 9 47
36 63 10 3
37 29 10 7
37 30 10 25
37 31 10 32
37 40 10 33
37 44 10 35
37 48 10 43
37 55 10 47
37 63 10 58
38 33 11 0
38 38 11 20
38 42 11 26
38 46 11 29
38 56 11 33
38 57 11 34
39 27 11 43
39 37 11 57
39 39 11 59
39 42 12 6
39 60 12 38
40 16 12 45
40 33 12 50
40 44 13 1
40 50 13 4
41 14 13 6
41 32 13 8
41 35 13 29
41 37 13 31
41 41 13 32
41 44 13 51
41 50 13 52
41 55 13 54
41 60 14 2
41 61 14 6
42 33 14 29
42 35 14 34
42 37 14 35
42 39 14 55
42 40 14 57
42 46 14 58
42 52 15 0
42 59 15 2
42 61 15 6
43 40 15 10
43 41 15 20
43 53 15 25
44 0 15 30
44 39 15 35
44 42 15 50
44 43 15 55
44 45 15 57
44 46 16 3
44 47 16 9
44 56 16 17
45 0 16 25
45 34 16 30
45 36 16 35
45 60 16 55
45 63 16 57
46 0 17 2
46 30 17 4
46 33 17 22
46 37 17 26
46 42 17 33
46 43 18 0
46 46 18 8
46 47 18 15
46 55 18 23
46 61 18 59
47 20 19 0
47 29 19 8
47 50 19 9
47 52 19 23
47 57 20 0
47 61 20 24
47 63 20 27
48 46 20 28
48 56 21 0
48 57 21 9
48 58 21 14
48 59 21 27
49 58 22 6
49 63 22 11
50 35 23 12
50 36 24 0
50 38 24 5
50 40 24 7
50 41 24 9
50 44 24 11
50 45 24 61
51 0 25 3
51 40 25 14
51 53 25 15
51 57 25 29
51 58 25 55
51 59 26 0
52 0 26 3
52 28 27 1
52 44 27 7
52 49 27 11
52 55 27 29
53 7 27 56
53 27 27 61
53 34 28 0
53 52 28 4
54 14 28 6
54 18 28 11
54 27 28 22
54 30 28 29
54 56 28 59
54 59 29 4
55 28 29 10
55 51 29 12
55 53 29 55
55 55 29 57
55 56 29 58
55 59 30 2
55 60 30 58
56 37 30 59
56 48 30 60
56 53 31 1
57 32 31 4
57 37 31 6
57 39 31 26
57 45 32 1
57 48 32 26
57 49 32 58
57 55 32 61
57 59 33 56
57 63 34 1
58 0 34 3
58 25 34 4
58 28 34 5
58 29 34 7
58 30 34 8
58 36 34 18
58 41 34 56
58 54 34 57
58 57 34 58
58 59 34 61
58 60 35 8
59 12 35 13
59 38 35 15
59 40 35 22
59 41 36 4
59 46 36 61
59 51 37 1
59 52 37 2
60 33 38 7
60 39 39 5
60 45 39 7
60 54 39 8
60 61 40 5
61 0 40 26
61 3 41 1
61 44 41 5
61 45 42 8
61 51 43 7
61 56 44 2
61 61 45 5
62 0 46 2
62 39 46 4
62 42 46 8
62 49 47 5
62 51 48 8
62 54 48 10
62 57 48 15
62 63 48 23
63 2 49 21
63 12 51 21
63 15 53 21
63 18 53 23
63 22 54 12
63 23 55 1
63 27 55 8
63 35 56 7
63 38 57 23
63 48 58 1
63 55 59 10
63 57 60 14
63 58 61 11
63 63 62 5
