872
0 32 0 6
0 35 0 53
0 36 0 7
0 37 0 54
0 38 0 57
0 40 0 13
0 42 0 18
0 45 0 19
1 8 0 20
1 10 0 63
1 11 0 21
1 25 2 56
1 38 8 8
1 46 0 23
1 47 0 26
1 48 1 0
1 49 11 10
1 52 1 16
1 58 1 18
1 60 1 20
1 61 2 21
2 38 11 15
2 45 11 63
2 51 12 13
2 52 12 14
2 54 2 28
2 57 2 37
2 59 3 0
2 60 13 11
2 61 3 17
2 62 3 20
3 7 14 19
3 8 4 9
3 15 4 11
3 30 14 20
3 42 15 15
3 43 15 44
3 46 16 12
3 47 17 18
3 48 4 41
3 49 5 2
3 50 17 44
3 51 6 6
3 52 6 8
3 53 6 22
3 58 6 35
3 60 7 1
4 4 18 18
4 23 19 17
4 24 7 11
4 29 19 21
4 33 19 52
4 34 20 16
4 35 21 18
4 38 21 21
4 46 21 23
4 48 7 36
4 49 21 24
4 50 8 0
4 51 21 32
4 52 22 16
4 53 8 22
4 54 22 19
4 58 9 2
4 62 22 20
5 5 9 8
5 15 22 24
5 16 9 14
5 31 22 31
5 33 22 50
5 34 22 51
5 35 23 23
5 37 9 27
5 38 23 58
5 39 24 19
5 42 24 21
5 49 9 32
5 51 10 0
5 52 10 8
5 57 10 14
5 58 10 26
5 59 10 34
5 61 11 1
6 15 11 2
6 16 24 22
6 39 11 6
6 42 11 14
6 43 24 25
6 47 24 63
6 48 11 17
6 49 11 48
6 51 12 7
6 52 12 8
6 55 12 9
6 57 12 10
6 58 12 21
6 59 13 0
7 5 25 35
7 16 13 7
7 17 26 36
7 18 27 52
7 20 28 23
7 25 13 14
7 27 13 17
7 28 28 25
7 32 28 33
7 33 29 21
7 35 29 24
7 39 29 50
7 40 29 52
7 42 30 24
7 45 31 14
7 47 13 18
7 48 14 0
7 61 14 7
8 5 32 17
8 19 32 18
8 20 32 24
8 25 32 63
8 32 33 12
8 34 33 15
8 36 33 35
8 39 33 45
8 40 34 17
8 41 35 26
8 47 35 63
8 50 36 17
8 52 14 9
8 53 14 12
8 55 14 15
8 58 14 16
8 59 14 24
8 62 37 12
9 25 37 13
9 38 37 14
9 45 37 39
9 47 38 40
9 48 15 7
9 50 15 9
9 56 15 11
9 59 38 63
9 61 15 19
10 5 15 36
10 17 39 14
10 20 39 18
10 21 39 22
10 37 39 59
10 42 40 11
10 47 40 14
10 49 15 52
10 61 40 17
10 62 40 27
11 23 40 28
11 42 15 58
11 43 40 47
11 50 40 48
11 51 15 61
11 57 41 13
11 60 41 36
12 24 41 63
12 28 42 2
12 30 42 3
12 31 42 57
12 33 16 0
12 40 43 21
12 41 43 27
12 43 16 8
12 44 43 50
12 51 43 55
12 53 16 16
12 54 44 14
12 55 44 28
12 56 16 19
12 57 16 28
12 62 16 31
13 34 44 63
13 35 45 22
13 40 45 23
13 41 17 0
13 44 45 49
13 48 46 12
13 53 47 0
13 57 47 21
13 62 17 3
14 4 47 37
14 37 47 59
14 40 48 24
14 42 48 49
14 45 17 7
14 60 48 52
14 61 48 63
14 62 49 7
15 41 49 8
15 48 49 9
15 55 49 16
15 57 50 0
15 59 50 14
15 62 50 15
16 1 50 23
16 4 50 63
16 23 51 5
16 24 51 14
16 40 51 20
16 44 51 24
16 46 51 50
16 47 51 56
16 48 51 60
16 51 51 63
16 55 52 12
16 57 52 16
17 24 52 33
17 36 17 9
17 38 52 63
17 52 53 9
17 53 17 15
18 3 53 32
18 26 53 39
18 32 53 48
18 39 53 56
18 43 17 58
18 54 18 9
18 55 53 59
18 56 53 63
18 60 54 0
19 25 54 2
19 29 18 16
19 33 19 2
19 39 19 11
19 40 19 12
19 45 54 15
19 51 19 18
19 53 19 19
19 55 19 20
19 62 54 63
20 4 19 60
20 6 55 3
20 45 19 61
20 49 20 13
20 50 20 14
20 53 20 61
20 55 21 2
20 59 55 9
20 62 21 19
21 33 55 26
21 39 55 63
21 41 56 4
21 43 22 13
21 49 22 14
21 51 22 17
21 53 22 25
21 60 23 1
22 4 56 11
22 62 23 2
23 32 57 5
23 37 23 6
23 48 23 14
23 56 23 17
23 57 57 15
23 62 57 41
24 30 58 7
24 33 23 18
24 39 23 20
24 47 24 1
24 48 58 8
24 49 24 2
24 50 24 12
24 53 24 13
24 54 25 0
24 55 25 6
24 56 25 19
24 58 25 20
25 10 58 40
25 36 58 63
25 39 25 22
25 47 25 30
25 49 26 1
25 52 26 13
25 55 59 0
25 59 59 17
25 62 26 25
26 4 27 14
26 9 59 19
26 40 27 17
26 41 27 20
26 43 28 12
26 55 28 14
26 58 59 25
26 59 59 26
26 60 59 27
26 62 28 15
27 31 59 29
27 37 60 6
27 40 28 16
27 45 28 17
27 46 28 20
27 47 29 6
27 48 29 25
27 56 60 20
27 62 29 61
28 28 60 21
28 29 60 29
28 31 60 32
28 52 30 7
28 55 30 12
28 56 30 15
28 59 60 47
28 60 60 63
29 34 30 17
29 37 61 9
29 47 30 18
29 57 61 14
29 58 61 15
29 62 31 11
30 3 61 17
30 28 31 12
30 33 31 16
30 42 31 17
30 43 31 18
30 53 31 21
30 54 31 22
30 55 31 23
30 56 31 25
31 34 32 15
31 42 32 16
31 43 32 22
31 46 61 19
32 5 32 23
32 7 61 21
32 38 33 0
32 41 61 22
32 42 33 5
32 43 33 16
32 45 33 19
32 46 33 25
32 49 34 9
32 50 34 13
32 51 34 19
32 53 61 33
32 54 34 21
32 60 34 22
32 61 61 35
32 62 35 0
33 30 35 10
33 31 35 14
33 32 35 16
33 37 35 19
33 56 61 49
33 62 35 23
34 34 36 8
34 36 36 12
34 40 36 20
34 47 36 22
34 50 62 6
34 51 37 10
34 53 37 23
34 54 62 9
34 56 62 12
34 57 62 19
34 58 62 21
34 61 62 26
35 3 37 24
35 33 37 25
35 35 38 10
35 36 38 13
35 37 38 17
35 43 38 18
35 52 38 21
35 54 38 23
35 55 62 41
35 62 62 48
36 6 63 5
36 28 38 26
36 31 39 0
36 36 63 9
36 50 39 12
36 57 39 25
36 61 63 11
36 62 40 0
37 4 63 13
37 6 63 16
37 28 40 4
37 32 63 19
37 33 63 21
37 37 40 8
37 38 40 19
37 47 63 25
37 58 40 23
38 3 63 29
38 28 40 24
38 29 41 2
38 30 41 3
38 36 63 32
38 47 63 34
38 50 41 11
38 52 41 16
38 53 63 40
38 54 41 20
38 59 63 42
39 3 63 43
39 31 42 5
39 53 42 11
39 57 42 13
39 58 42 15
39 62 63 44
40 35 63 45
40 39 42 17
40 43 42 18
40 53 42 19
40 54 63 47
40 56 42 20
40 57 42 26
40 61 43 4
40 62 63 50
41 29 43 6
41 30 43 9
41 38 63 52
41 43 43 11
41 47 63 53
41 51 43 13
42 28 43 17
42 29 43 19
42 31 43 22
42 32 63 60
42 44 44 1
42 45 44 3
42 47 44 4
43 32 44 5
43 43 44 9
43 44 44 16
43 45 44 17
43 56 44 18
43 57 44 21
43 58 44 22
43 59 44 25
44 31 44 27
44 32 45 1
44 36 45 10
44 40 45 19
44 48 63 61
44 51 45 27
44 62 63 62
45 32 45 29
45 39 46 5
45 40 46 6
45 44 46 7
45 45 46 11
45 55 0 48
45 55 46 18
46 34 46 19
46 35 46 21
46 41 46 25
46 49 46 27
46 53 46 28
47 31 46 29
47 32 47 2
47 35 47 3
47 47 0 50
47 47 47 6
47 49 47 7
47 60 47 8
48 30 47 13
48 34 47 14
48 37 47 17
48 41 48 1
48 59 48 12
48 60 48 13
48 62 0 51
48 62 48 17
49 30 48 20
49 32 48 26
49 41 48 28
49 42 49 4
49 44 49 5
49 46 49 11
49 48 49 18
49 62 49 20
50 31 49 27
50 32 0 56
50 32 49 28
50 33 50 1
50 34 0 61
50 34 50 2
50 37 0 62
50 37 50 6
50 38 50 7
50 52 50 10
50 54 50 16
50 55 50 17
50 62 50 18
51 31 50 19
51 32 50 24
51 40 50 25
51 48 50 26
51 55 3 63
51 55 51 1
52 31 5 10
52 31 51 3
52 38 51 13
52 40 51 15
52 42 51 22
52 48 51 27
52 49 52 4
52 54 5 63
52 54 52 7
52 62 6 62
52 62 52 22
53 27 53 1
53 28 53 4
53 29 53 11
53 31 53 16
53 40 53 20
53 43 53 22
53 62 6 63
53 62 53 25
54 27 54 3
54 31 54 8
54 33 54 19
54 37 54 20
54 41 54 24
54 42 55 5
54 43 55 13
54 46 55 14
54 57 7 51
54 57 55 16
54 60 55 17
54 61 55 22
54 62 7 56
54 62 55 24
55 32 55 25
55 33 56 5
55 34 56 6
55 39 56 13
55 49 56 17
55 50 56 22
55 62 56 24
56 31 56 27
56 33 57 3
56 44 57 6
56 49 57 7
56 56 57 10
56 59 8 63
56 59 57 14
56 62 9 63
56 62 57 16
57 44 57 20
57 46 57 24
57 50 10 51
57 50 58 3
57 51 58 9
57 58 58 11
58 44 58 14
58 46 58 16
58 47 58 17
58 53 58 23
58 56 10 54
58 56 58 24
58 62 11 11
58 62 59 1
59 36 59 3
59 53 59 4
59 56 59 8
59 57 59 11
60 38 59 13
60 41 12 63
60 41 59 14
60 43 60 1
60 53 60 4
60 58 60 7
60 62 60 8
61 58 60 22
61 59 15 45
61 59 60 30
61 60 61 1
61 62 15 63
61 62 61 2
62 43 61 4
62 55 16 41
62 55 61 5
62 59 61 10
62 60 61 26
62 61 16 45
62 61 62 28
16 63 0 2
17 41 0 3
17 45 0 5
19 15 0 8
19 36 0 12
19 38 0 14
19 42 0 16
19 49 0 24
20 37 0 25
20 40 1 1
20 41 1 2
20 42 1 4
20 47 1 5
20 54 1 19
21 30 1 22
21 36 1 29
21 37 1 31
21 38 2 1
21 42 2 3
21 44 2 5
21 47 2 6
21 58 2 7
21 63 2 10
22 33 2 12
22 34 2 18
22 36 2 23
22 54 2 25
22 56 2 32
23 31 2 42
23 38 3 1
23 43 3 6
23 44 3 14
23 63 3 16
24 24 3 19
24 44 3 22
25 33 3 25
25 34 3 28
25 41 4 0
25 45 4 12
25 53 4 16
25 54 4 30
26 42 4 31
26 44 5 0
26 45 5 1
27 34 5 3
27 50 5 4
27 51 5 7
27 63 5 17
28 32 5 21
28 38 5 23
28 42 5 30
28 51 6 1
28 63 6 3
29 38 6 13
29 39 6 19
29 42 6 25
29 43 6 27
29 45 6 30
29 54 6 31
29 63 6 32
30 32 6 36
30 36 7 0
30 38 7 3
30 39 7 14
30 41 7 22
30 51 7 24
31 29 8 3
31 32 8 17
31 35 8 26
31 44 8 37
32 33 9 0
33 24 9 1
33 34 9 7
33 39 9 17
33 41 9 20
33 43 9 26
34 35 9 34
34 49 9 35
34 63 9 37
35 17 9 40
35 24 10 1
35 27 10 3
35 31 10 7
35 45 10 25
35 46 10 32
35 49 10 33
35 50 10 35
36 11 10 43
36 48 10 58
36 55 11 0
36 63 11 3
37 29 11 20
37 30 11 26
37 31 11 29
37 40 11 33
37 42 11 34
37 44 11 59
37 48 12 6
37 55 12 38
37 63 12 45
38 33 12 50
38 38 13 1
38 42 13 4
38 46 13 6
38 56 13 29
38 57 13 31
39 27 13 32
39 37 13 51
39 39 13 52
39 42 13 54
39 60 14 2
40 16 14 6
40 33 14 29
40 44 14 34
40 50 14 35
41 14 14 55
41 32 14 57
41 35 14 58
41 37 15 0
41 41 15 2
41 44 15 6
41 50 15 8
41 55 15 10
41 60 15 20
41 61 15 21
42 33 15 25
42 35 15 30
42 37 15 35
42 39 15 50
42 40 16 3
42 46 16 7
42 52 16 9
42 59 16 17
42 61 16 25
43 40 16 30
43 41 16 35
43 53 17 2
44 0 17 4
44 39 17 6
44 42 17 20
44 43 17 22
44 45 17 26
44 46 17 33
44 47 18 0
44 56 18 6
45 0 18 8
45 34 18 15
45 36 18 23
45 60 18 33
45 63 18 59
46 0 19 0
46 30 19 5
46 33 19 6
46 37 19 8
46 42 19 9
46 43 19 23
46 46 20 0
46 47 20 1
46 55 20 2
46 61 20 11
47 20 20 24
47 29 20 27
47 50 20 28
47 52 21 0
47 57 21 9
47 61 21 14
47 63 21 27
48 46 22 6
48 56 22 11
48 57 22 12
48 58 23 12
49 58 24 0
49 63 24 5
50 35 24 7
50 36 24 9
50 40 24 11
50 41 24 14
50 44 24 61
50 45 25 3
50 59 25 12
50 60 25 14
51 0 25 15
51 53 25 24
51 57 25 26
51 58 25 27
51 59 25 28
51 61 25 29
52 0 26 0
52 15 26 3
52 26 26 6
52 28 26 12
52 44 26 28
52 55 27 1
53 7 27 7
53 34 27 10
53 52 27 11
54 9 27 28
54 14 27 29
54 18 27 61
54 30 28 0
54 56 28 4
54 59 28 6
55 28 28 7
55 51 28 11
55 53 28 22
55 55 29 4
55 56 29 10
55 59 29 12
55 60 30 2
56 37 30 58
56 48 30 59
56 53 30 60
57 21 31 1
57 32 31 4
57 37 31 6
57 39 31 7
57 45 31 26
57 48 32 1
57 49 32 26
57 55 32 58
57 59 34 1
57 63 34 3
58 0 34 4
58 25 34 5
58 28 34 7
58 29 34 8
58 30 34 18
58 36 35 8
58 41 35 13
58 54 35 15
58 57 35 22
58 59 36 4
58 60 36 15
59 12 37 1
59 20 37 2
59 38 37 8
59 40 38 7
59 41 38 8
59 46 38 9
59 51 39 5
59 52 39 7
60 11 39 8
60 18 39 21
60 33 40 5
60 39 40 7
60 45 40 26
60 54 41 1
60 61 41 5
61 0 41 6
61 3 42 6
61 12 42 8
61 31 43 1
61 41 43 3
61 42 43 7
61 44 44 2
61 45 44 6
61 46 45 3
61 48 45 5
61 51 45 6
61 56 45 18
61 61 45 24
62 0 46 2
62 1 46 4
62 2 46 8
62 7 46 20
62 8 47 1
62 13 47 5
62 17 48 4
62 35 48 8
62 39 48 10
62 42 48 15
62 49 48 23
62 51 49 6
62 54 49 21
62 57 51 2
62 63 51 21
63 2 53 21
63 12 53 23
63 15 54 12
63 18 55 1
63 22 55 8
63 23 56 7
63 27 56 20
63 35 56 25
63 38 57 9
63 48 57 17
63 55 57 23
63 57 58 1
63 58 59 10
63 63 60 14
