1017
0 30 0 6
0 32 0 7
0 35 0 53
0 36 0 13
0 37 0 54
0 38 0 57
0 40 0 18
0 42 0 19
0 45 0 20
1 25 0 63
1 28 0 21
1 35 0 23
1 37 0 26
1 38 11 15
1 43 1 0
1 44 1 7
1 46 1 9
1 47 1 12
1 48 1 13
1 49 11 63
1 52 1 14
1 56 12 13
1 58 1 16
1 60 1 18
1 61 1 20
2 27 2 4
2 31 2 8
2 33 2 11
2 35 2 14
2 36 2 15
2 38 12 14
2 40 2 21
2 41 2 28
2 42 14 19
2 43 3 0
2 44 3 3
2 45 14 20
2 51 15 15
2 52 15 44
2 54 3 4
2 55 17 18
2 57 3 11
2 59 3 17
2 60 17 44
2 61 3 20
2 62 4 5
3 30 18 18
3 37 4 6
3 38 4 7
3 39 4 9
3 40 4 11
3 41 4 15
3 42 19 17
3 43 19 21
3 46 19 52
3 47 20 16
3 48 5 2
3 49 5 6
3 50 21 18
3 51 6 5
3 52 6 6
3 53 6 8
3 55 21 21
3 56 21 23
3 58 6 14
3 60 6 22
4 23 21 24
4 24 6 35
4 29 21 32
4 32 7 1
4 33 22 16
4 34 22 19
4 35 22 20
4 38 22 24
4 39 7 11
4 40 7 15
4 42 7 36
4 43 8 0
4 44 8 8
4 46 22 31
4 48 8 15
4 49 22 50
4 50 8 16
4 51 22 51
4 52 23 23
4 53 8 22
4 54 23 58
4 56 24 19
4 58 9 2
4 60 24 21
4 61 24 22
4 62 24 25
5 15 24 63
5 16 9 5
5 31 25 35
5 33 26 36
5 34 27 52
5 35 28 23
5 37 9 8
5 38 28 25
5 39 28 33
5 41 9 14
5 42 29 21
5 43 9 27
5 44 9 32
5 45 10 0
5 49 10 8
5 51 10 14
5 52 10 26
5 54 29 24
5 56 29 50
5 57 10 34
5 58 11 1
5 59 11 2
5 60 29 52
5 61 11 5
6 16 30 24
6 39 11 6
6 41 11 10
6 42 11 14
6 43 31 14
6 44 11 17
6 45 11 22
6 46 11 27
6 47 32 17
6 48 12 5
6 49 12 7
6 51 12 8
6 52 12 9
6 53 32 18
6 54 32 24
6 55 12 10
6 56 32 63
6 57 12 21
6 58 12 25
6 59 13 0
7 16 13 5
7 17 33 12
7 18 33 15
7 20 33 35
7 25 13 7
7 27 13 11
7 28 33 45
7 32 34 17
7 33 34 46
7 35 35 26
7 39 35 63
7 40 36 17
7 41 13 14
7 42 37 12
7 43 13 17
7 44 13 18
7 45 37 13
7 47 13 30
7 48 14 0
7 49 37 14
7 50 37 39
7 51 14 3
7 52 38 40
7 53 38 63
7 54 39 14
7 55 39 18
7 56 14 5
7 57 39 22
7 58 39 59
7 61 14 7
8 19 40 11
8 20 40 14
8 25 40 17
8 32 40 27
8 34 40 28
8 36 40 47
8 39 40 48
8 40 41 13
8 41 41 36
8 43 14 9
8 47 41 63
8 50 42 2
8 52 14 12
8 53 14 15
8 54 42 3
8 55 14 16
8 58 14 24
8 59 15 4
8 62 42 57
9 25 43 21
9 38 43 27
9 40 43 50
9 41 15 7
9 42 15 9
9 43 15 11
9 45 43 55
9 47 44 14
9 48 15 19
9 50 15 36
9 52 44 28
9 54 44 63
9 56 16 0
9 57 16 2
9 58 16 5
9 59 45 22
9 61 16 6
10 17 45 23
10 20 45 49
10 21 46 12
10 37 47 0
10 40 16 8
10 42 47 21
10 43 47 37
10 44 16 12
10 46 16 16
10 47 47 59
10 49 16 19
10 51 16 28
10 52 48 24
10 53 48 49
10 54 16 31
10 55 48 52
10 58 48 63
10 61 49 7
10 62 49 8
11 23 49 9
11 39 17 0
11 40 17 1
11 42 17 3
11 43 49 16
11 44 17 5
11 45 17 7
11 46 17 9
11 47 17 15
11 50 50 0
11 51 18 1
11 52 50 14
11 54 50 15
11 57 50 23
11 58 18 2
11 59 50 63
11 60 51 5
12 24 51 14
12 28 51 20
12 30 51 24
12 31 51 50
12 33 18 4
12 40 51 56
12 41 51 60
12 43 18 5
12 44 51 63
12 45 52 12
12 48 18 9
12 49 18 16
12 50 52 16
12 51 52 33
12 53 19 2
12 54 52 63
12 55 53 9
12 56 19 4
12 57 19 11
12 59 19 12
12 60 19 18
12 62 19 19
13 34 53 32
13 35 53 39
13 40 53 48
13 41 19 20
13 44 53 56
13 45 20 3
13 46 20 5
13 48 53 59
13 50 20 7
13 51 53 63
13 52 54 0
13 53 54 2
13 54 54 15
13 55 20 8
13 57 54 63
13 58 20 9
13 59 20 10
13 60 20 13
13 62 20 14
14 37 55 3
14 40 55 9
14 42 55 26
14 45 21 2
14 52 21 4
14 53 21 6
14 54 21 7
14 55 55 63
14 56 21 8
14 57 56 4
14 58 56 11
14 60 57 5
14 61 57 15
14 62 57 38
15 41 57 41
15 48 58 7
15 50 58 8
15 51 21 19
15 53 22 3
15 54 22 8
15 55 58 37
15 57 58 38
15 59 58 40
15 60 22 13
15 62 58 63
16 23 59 0
16 24 59 17
16 40 59 19
16 44 59 25
16 46 59 26
16 47 59 27
16 48 59 29
16 49 22 14
16 50 22 17
16 51 59 34
16 53 22 25
16 54 23 1
16 55 59 35
16 57 59 37
16 58 23 2
16 61 23 4
17 24 60 6
17 36 23 6
17 38 60 20
17 48 23 8
17 49 23 9
17 52 60 21
17 53 23 10
17 59 23 14
17 60 23 17
17 61 23 18
18 26 60 22
18 32 60 29
18 39 60 30
18 43 23 20
18 54 24 1
18 55 60 32
18 56 60 36
18 59 60 37
18 60 60 40
19 25 60 47
19 29 24 2
19 33 24 4
19 39 24 8
19 40 24 10
19 45 60 63
19 51 24 12
19 53 24 13
19 55 25 0
19 58 25 4
19 59 25 6
19 62 61 9
20 45 25 11
20 49 25 19
20 50 25 20
20 53 25 22
20 55 25 30
20 59 61 14
20 62 26 1
21 33 61 15
21 39 61 17
21 41 61 19
21 43 26 7
21 49 26 8
21 51 26 10
21 53 26 13
21 60 26 25
21 61 27 2
22 61 27 3
22 62 27 4
23 32 61 21
23 37 27 9
23 48 27 14
23 56 27 17
23 57 61 22
23 61 27 20
23 62 61 26
24 30 61 33
24 33 28 1
24 39 28 2
24 47 28 3
24 48 61 35
24 49 28 8
24 50 28 9
24 53 28 12
24 54 28 14
24 55 28 15
24 56 28 16
24 58 28 17
24 61 61 38
25 36 61 39
25 39 28 20
25 47 29 3
25 49 29 6
25 52 29 25
25 55 61 40
25 59 61 43
25 61 30 5
25 62 30 7
26 40 30 12
26 41 30 15
26 43 30 17
26 55 30 18
26 58 61 49
26 59 61 53
26 60 61 54
26 61 31 2
26 62 31 3
27 31 61 55
27 37 62 6
27 40 31 5
27 45 31 8
27 46 31 9
27 47 31 11
27 48 31 12
27 56 62 9
27 61 62 12
27 62 31 16
28 28 62 19
28 29 62 21
28 31 62 26
28 52 31 17
28 55 31 18
28 56 31 21
28 59 62 28
28 60 62 36
28 61 31 22
29 34 31 23
29 37 62 37
29 47 31 25
29 57 62 38
29 58 62 41
29 59 32 2
29 62 32 3
30 28 32 4
30 33 32 6
30 42 32 8
30 43 32 15
30 53 32 16
30 54 32 22
30 55 32 23
30 56 33 0
30 57 33 2
30 58 62 44
30 59 62 45
30 60 62 46
30 61 33 5
31 34 33 6
31 42 33 7
31 43 33 16
31 46 62 48
31 58 33 19
32 38 33 25
32 41 62 52
32 42 34 6
32 43 34 9
32 45 34 13
32 46 34 19
32 49 34 21
32 50 34 22
32 51 35 0
32 53 62 53
32 54 35 1
32 56 35 2
32 57 35 4
32 58 62 56
32 60 35 5
32 61 63 5
32 62 35 6
33 30 35 7
33 31 35 10
33 32 35 14
33 37 35 16
33 56 63 9
33 57 35 19
33 58 35 23
33 59 36 1
33 60 36 8
33 62 36 12
34 34 36 20
34 36 36 22
34 40 37 3
34 47 37 5
34 50 63 11
34 51 37 7
34 53 37 10
34 54 63 13
34 56 63 16
34 57 63 19
34 58 63 21
34 59 37 23
34 60 37 24
34 61 63 25
35 33 37 25
35 35 38 6
35 36 38 10
35 37 38 13
35 43 38 17
35 52 38 18
35 54 38 21
35 55 63 29
35 60 38 23
35 61 38 26
35 62 63 32
36 28 39 0
36 31 39 1
36 36 63 34
36 50 39 2
36 57 39 6
36 60 39 12
36 61 63 40
36 62 39 25
37 28 40 0
37 32 63 42
37 33 63 43
37 37 40 1
37 38 40 4
37 47 63 44
37 58 40 8
37 60 40 19
38 28 40 23
38 29 40 24
38 30 41 2
38 36 63 45
38 47 63 47
38 50 41 3
38 52 41 11
38 53 63 50
38 54 41 16
38 59 63 52
39 31 41 20
39 53 42 5
39 57 42 11
39 58 42 13
39 62 63 53
40 35 63 60
40 39 42 15
40 43 42 17
40 53 42 18
40 54 63 61
40 56 42 19
40 57 42 20
40 61 42 26
40 62 63 62
41 29 43 4
41 30 43 6
41 38 0 48
41 38 43 9
41 43 43 11
41 47 0 50
41 47 43 13
41 51 43 17
42 28 43 19
42 29 43 22
42 31 44 1
42 32 0 51
42 32 44 3
42 44 44 4
42 45 44 5
42 47 44 9
43 32 44 16
43 43 44 17
43 44 44 18
43 45 44 21
43 56 44 22
43 57 44 25
43 58 44 27
43 59 45 1
44 31 45 10
44 32 45 19
44 36 45 27
44 40 45 29
44 48 0 56
44 48 46 5
44 51 46 6
44 62 0 61
44 62 46 7
45 32 46 11
45 39 46 18
45 40 46 19
45 44 46 21
45 45 46 25
45 55 0 62
45 55 46 27
46 34 46 28
46 35 46 29
46 41 47 2
46 49 47 3
46 53 47 6
47 31 47 7
47 32 47 8
47 35 47 13
47 47 3 63
47 47 47 14
47 49 47 17
47 60 48 1
48 30 48 12
48 34 48 13
48 37 48 17
48 41 48 20
48 59 48 26
48 60 48 28
48 62 5 63
48 62 49 4
49 30 49 5
49 32 49 11
49 41 49 18
49 42 49 20
49 44 49 27
49 46 49 28
49 48 50 1
49 62 50 2
50 31 50 6
50 32 6 62
50 32 50 7
50 33 50 10
50 34 6 63
50 34 50 16
50 37 8 63
50 37 50 17
50 38 50 18
50 52 50 19
50 54 50 24
50 55 50 25
50 62 50 26
51 31 51 1
51 32 51 3
51 40 51 13
51 48 51 15
51 55 9 63
51 55 51 22
52 31 12 63
52 31 51 27
52 38 52 4
52 40 52 7
52 42 52 22
52 48 53 1
52 49 53 4
52 54 15 45
52 54 53 11
52 62 15 63
52 62 53 16
53 27 53 20
53 28 53 22
53 29 53 25
53 31 54 3
53 40 54 8
53 43 54 19
53 62 16 41
53 62 54 20
54 27 54 24
54 31 55 5
54 33 55 13
54 37 55 14
54 41 55 16
54 42 55 17
54 43 55 22
54 46 55 24
54 57 16 45
54 57 55 25
54 60 56 5
54 61 56 6
54 62 16 63
54 62 56 13
55 32 56 17
55 33 56 22
55 34 56 24
55 39 56 27
55 49 57 3
55 50 57 6
55 62 57 7
56 31 57 10
56 33 57 14
56 44 57 16
56 49 57 20
56 56 57 24
56 59 17 41
56 59 58 3
56 62 17 45
56 62 58 9
57 44 58 11
57 46 58 14
57 50 19 15
57 50 58 16
57 51 58 17
57 58 58 23
58 44 58 24
58 46 59 1
58 47 59 3
58 53 59 4
58 56 19 36
58 56 59 8
58 62 19 38
58 62 59 11
59 56 59 13
59 57 59 14
60 58 60 1
60 62 60 4
61 58 60 7
61 59 19 42
61 59 60 8
61 60 61 1
61 62 19 49
61 62 61 2
62 59 61 4
62 60 61 5
62 61 20 37
62 61 61 10
20 40 0 2
20 41 0 3
20 42 0 5
20 47 0 8
20 54 0 12
21 30 0 14
21 36 0 16
21 37 0 24
21 38 0 25
21 42 1 1
21 44 1 2
21 47 1 4
21 58 1 5
21 63 1 10
22 33 1 19
22 34 1 22
22 36 1 29
22 54 1 31
22 56 2 1
23 31 2 3
23 38 2 5
23 43 2 6
23 44 2 7
23 63 2 10
24 24 2 12
24 44 2 18
25 33 2 23
25 34 2 25
25 41 2 32
25 45 3 1
25 53 3 6
25 54 3 7
26 42 3 14
26 44 3 16
26 45 3 19
27 34 3 22
27 50 3 25
27 51 3 28
27 63 4 0
28 32 4 4
28 38 4 12
28 42 4 16
28 51 4 30
28 63 4 31
29 38 5 0
29 39 5 1
29 42 5 3
29 43 5 4
29 45 5 7
29 54 5 9
29 63 5 11
30 32 5 17
30 36 5 21
30 38 5 23
30 39 5 30
30 41 6 1
30 51 6 3
31 29 6 10
31 32 6 13
31 35 6 19
31 44 6 25
32 33 6 27
33 24 6 30
33 34 6 31
33 39 6 32
33 41 6 36
33 43 7 0
34 35 7 3
34 49 7 5
34 63 7 7
35 17 7 8
35 24 7 10
35 27 7 12
35 31 7 14
35 45 7 22
35 46 7 24
35 49 8 3
35 50 8 5
36 11 8 9
36 48 8 10
36 55 8 11
36 63 8 12
37 29 8 17
37 30 8 26
37 31 8 37
37 40 9 0
37 42 9 1
37 44 9 7
37 48 9 9
37 55 9 10
37 63 9 17
38 33 9 20
38 38 9 26
38 42 9 34
38 46 9 35
38 56 9 37
38 57 10 1
39 27 10 3
39 37 10 7
39 39 10 9
39 42 10 25
39 60 10 32
40 16 10 33
40 33 10 35
40 44 11 0
40 50 11 3
41 14 11 9
41 32 11 20
41 35 11 26
41 37 11 29
41 41 11 33
41 44 11 34
41 50 12 6
41 55 12 11
41 60 12 38
41 61 13 1
42 33 13 4
42 35 13 6
42 37 13 8
42 39 13 9
42 40 13 10
42 46 13 29
42 52 13 31
42 59 13 32
42 61 14 2
43 40 14 4
43 41 14 6
43 53 14 29
44 0 14 34
44 39 14 35
44 42 15 0
44 43 15 2
44 45 15 6
44 46 15 8
44 47 15 10
44 56 15 20
45 0 15 21
45 34 15 25
45 36 15 30
45 60 15 35
45 63 16 1
46 0 16 3
46 30 16 4
46 33 16 7
46 37 16 9
46 42 16 11
46 43 16 17
46 46 16 25
46 47 16 30
46 55 16 35
46 61 17 2
47 20 17 4
47 29 17 6
47 50 17 10
47 52 17 11
47 57 17 20
47 61 17 22
47 63 17 26
48 46 17 33
48 56 18 0
48 57 18 3
48 58 18 6
49 58 18 8
49 63 18 15
50 35 18 23
50 36 18 33
50 40 19 0
50 41 19 5
50 44 19 6
50 45 19 8
50 59 19 9
50 60 19 23
51 0 20 0
51 53 20 1
51 57 20 2
51 58 20 6
51 59 20 11
51 61 20 24
52 0 20 27
52 15 20 28
52 26 21 0
52 28 21 9
52 44 21 14
52 55 21 27
53 7 22 4
53 34 22 6
53 52 22 11
54 9 22 12
54 14 23 12
54 18 24 0
54 30 24 5
54 56 24 7
54 59 24 9
55 28 24 11
55 51 24 14
55 53 25 3
55 55 25 10
55 56 25 12
55 59 25 14
55 60 25 15
56 37 25 24
56 48 25 26
56 53 25 27
57 21 25 28
57 32 25 29
57 37 26 0
57 39 26 3
57 45 26 6
57 48 26 9
57 49 26 12
57 55 26 28
57 59 27 1
57 63 27 7
58 0 27 10
58 25 27 11
58 28 27 28
58 29 27 29
58 30 28 0
58 36 28 4
58 41 28 6
58 54 28 7
58 57 28 11
58 59 28 22
58 60 29 4
59 12 29 10
59 20 29 12
59 22 30 2
59 30 30 3
59 31 31 1
59 36 31 4
59 38 31 6
59 40 31 7
59 41 31 26
59 46 32 1
59 51 32 7
59 52 32 26
59 53 34 1
60 11 34 3
60 15 34 4
60 16 34 5
60 17 34 7
60 18 34 8
60 23 34 18
60 24 35 8
60 26 35 13
60 27 35 15
60 28 35 22
60 33 36 4
60 38 36 6
60 39 36 15
60 43 37 1
60 45 37 2
60 53 37 4
60 54 37 6
60 61 37 8
61 0 38 3
61 3 38 7
61 12 38 8
61 23 38 9
61 24 39 3
61 25 39 5
61 27 39 7
61 28 39 8
61 30 39 21
61 31 40 5
61 41 40 7
61 42 40 26
61 44 41 1
61 45 41 5
61 46 41 6
61 48 42 6
61 51 42 8
61 56 43 1
61 61 43 3
62 0 43 7
62 1 44 2
62 2 44 6
62 7 45 3
62 8 45 5
62 13 45 6
62 17 45 18
62 22 45 24
62 23 46 2
62 24 46 4
62 25 46 8
62 29 46 20
62 30 47 1
62 35 47 5
62 39 48 4
62 42 48 8
62 43 48 10
62 49 48 15
62 51 48 23
62 54 49 6
62 57 49 21
62 63 51 2
63 2 51 21
63 12 53 21
63 15 53 23
63 18 54 12
63 22 55 1
63 23 55 8
63 27 56 7
63 35 56 20
63 38 56 25
63 48 57 9
63 55 57 17
63 57 57 23
63 58 58 1
63 63 59 10
